[debug] [2021-05-03T19:29:18.771Z] ----------------------------------------------------------------------
[debug] [2021-05-03T19:29:18.775Z] Command:       /usr/local/bin/node /usr/local/bin/firebase emulators:start
[debug] [2021-05-03T19:29:18.775Z] CLI Version:   9.10.0
[debug] [2021-05-03T19:29:18.775Z] Platform:      darwin
[debug] [2021-05-03T19:29:18.775Z] Node Version:  v14.6.0
[debug] [2021-05-03T19:29:18.777Z] Time:          Mon May 03 2021 21:29:18 GMT+0200 (Central European Summer Time)
[debug] [2021-05-03T19:29:18.777Z] Env Overrides: FIRESTORE_EMULATOR_HOST
[debug] [2021-05-03T19:29:18.777Z] ----------------------------------------------------------------------
[debug] 
[debug] [2021-05-03T19:29:18.786Z] > command requires scopes: ["email","openid","https://www.googleapis.com/auth/cloudplatformprojects.readonly","https://www.googleapis.com/auth/firebase","https://www.googleapis.com/auth/cloud-platform"]
[debug] [2021-05-03T19:29:18.787Z] > authorizing via signed-in user (karoly.kertesz11@gmail.com)
[info] i  emulators: Starting emulators: auth, functions, firestore, database {"metadata":{"emulator":{"name":"hub"},"message":"Starting emulators: auth, functions, firestore, database"}}
[debug] [2021-05-03T19:29:18.817Z] [hub] writing locator at /var/folders/73/fz1sybq11yb_swlb978fgs1r0000gn/T/hub-next-events-309cd.json
[warn] ⚠  functions: The functions emulator is configured but there is no functions source directory. Have you run firebase init functions? {"metadata":{"emulator":{"name":"functions"},"message":"The functions emulator is configured but there is no functions source directory. Have you run \u001b[1mfirebase init functions\u001b[22m?"}}
[warn] ⚠  firestore: Did not find a Cloud Firestore rules file specified in a firebase.json config file. {"metadata":{"emulator":{"name":"firestore"},"message":"Did not find a Cloud Firestore rules file specified in a firebase.json config file."}}
[warn] ⚠  firestore: The emulator will default to allowing all reads and writes. Learn more about this option: https://firebase.google.com/docs/emulator-suite/install_and_configure#security_rules_configuration. {"metadata":{"emulator":{"name":"firestore"},"message":"The emulator will default to allowing all reads and writes. Learn more about this option: https://firebase.google.com/docs/emulator-suite/install_and_configure#security_rules_configuration."}}
[debug] [2021-05-03T19:29:18.862Z] Ignoring unsupported arg: projectId {"metadata":{"emulator":{"name":"firestore"},"message":"Ignoring unsupported arg: projectId"}}
[debug] [2021-05-03T19:29:18.862Z] Ignoring unsupported arg: auto_download {"metadata":{"emulator":{"name":"firestore"},"message":"Ignoring unsupported arg: auto_download"}}
[debug] [2021-05-03T19:29:18.862Z] Starting Firestore Emulator with command {"binary":"java","args":["-Dgoogle.cloud_firestore.debug_log_level=FINE","-Duser.language=en","-jar","/Users/kerteszkaroly/.cache/firebase/emulators/cloud-firestore-emulator-v1.11.14.jar","--host","localhost","--port",8080],"optionalArgs":["port","webchannel_port","host","rules","functions_emulator","seed_from_export"],"joinArgs":false} {"metadata":{"emulator":{"name":"firestore"},"message":"Starting Firestore Emulator with command {\"binary\":\"java\",\"args\":[\"-Dgoogle.cloud_firestore.debug_log_level=FINE\",\"-Duser.language=en\",\"-jar\",\"/Users/kerteszkaroly/.cache/firebase/emulators/cloud-firestore-emulator-v1.11.14.jar\",\"--host\",\"localhost\",\"--port\",8080],\"optionalArgs\":[\"port\",\"webchannel_port\",\"host\",\"rules\",\"functions_emulator\",\"seed_from_export\"],\"joinArgs\":false}"}}
[info] i  firestore: Firestore Emulator logging to firestore-debug.log {"metadata":{"emulator":{"name":"firestore"},"message":"Firestore Emulator logging to \u001b[1mfirestore-debug.log\u001b[22m"}}
[debug] [2021-05-03T19:29:26.419Z] May 03, 2021 9:29:26 PM com.google.cloud.datastore.emulator.firestore.websocket.WebSocketServer start
INFO: Started WebSocket server on ws://localhost:64086
 {"metadata":{"emulator":{"name":"firestore"},"message":"May 03, 2021 9:29:26 PM com.google.cloud.datastore.emulator.firestore.websocket.WebSocketServer start\nINFO: Started WebSocket server on ws://localhost:64086\n"}}
[debug] [2021-05-03T19:29:26.508Z] API endpoint: http://localhost:8080
 {"metadata":{"emulator":{"name":"firestore"},"message":"API endpoint: http://localhost:8080\n"}}
[debug] [2021-05-03T19:29:26.509Z] If you are using a library that supports the FIRESTORE_EMULATOR_HOST environment variable, run:

   export FIRESTORE_EMULATOR_HOST=localhost:8080

Dev App Server is now running.

 {"metadata":{"emulator":{"name":"firestore"},"message":"If you are using a library that supports the FIRESTORE_EMULATOR_HOST environment variable, run:\n\n   export FIRESTORE_EMULATOR_HOST=localhost:8080\n\nDev App Server is now running.\n\n"}}
[debug] [2021-05-03T19:29:26.535Z] >>> [apiv2][query] GET https://firebase.googleapis.com/v1beta1/projects/next-events-309cd [none]
[debug] [2021-05-03T19:29:26.711Z] <<< [apiv2][status] GET https://firebase.googleapis.com/v1beta1/projects/next-events-309cd 200
[debug] [2021-05-03T19:29:26.711Z] <<< [apiv2][body] GET https://firebase.googleapis.com/v1beta1/projects/next-events-309cd {"projectId":"next-events-309cd","projectNumber":"633929560716","displayName":"next-events","name":"projects/next-events-309cd","resources":{"hostingSite":"next-events-309cd","realtimeDatabaseInstance":"next-events-309cd-default-rtdb","storageBucket":"next-events-309cd.appspot.com","locationId":"us-central"},"state":"ACTIVE"}
[debug] [2021-05-03T19:29:26.712Z] database rules config:  []
[warn] ⚠  database: Did not find a Realtime Database rules file specified in a firebase.json config file. The emulator will default to allowing all reads and writes. Learn more about this option: https://firebase.google.com/docs/emulator-suite/install_and_configure#security_rules_configuration. {"metadata":{"emulator":{"name":"database"},"message":"Did not find a Realtime Database rules file specified in a firebase.json config file. The emulator will default to allowing all reads and writes. Learn more about this option: https://firebase.google.com/docs/emulator-suite/install_and_configure#security_rules_configuration."}}
[debug] [2021-05-03T19:29:26.714Z] Ignoring unsupported arg: projectId {"metadata":{"emulator":{"name":"database"},"message":"Ignoring unsupported arg: projectId"}}
[debug] [2021-05-03T19:29:26.714Z] Ignoring unsupported arg: auto_download {"metadata":{"emulator":{"name":"database"},"message":"Ignoring unsupported arg: auto_download"}}
[debug] [2021-05-03T19:29:26.714Z] Ignoring unsupported arg: rules {"metadata":{"emulator":{"name":"database"},"message":"Ignoring unsupported arg: rules"}}
[debug] [2021-05-03T19:29:26.714Z] Starting Database Emulator with command {"binary":"java","args":["-Duser.language=en","-jar","/Users/kerteszkaroly/.cache/firebase/emulators/firebase-database-emulator-v4.7.2.jar","--host","localhost","--port",9000],"optionalArgs":["port","host","functions_emulator_port","functions_emulator_host"],"joinArgs":false} {"metadata":{"emulator":{"name":"database"},"message":"Starting Database Emulator with command {\"binary\":\"java\",\"args\":[\"-Duser.language=en\",\"-jar\",\"/Users/kerteszkaroly/.cache/firebase/emulators/firebase-database-emulator-v4.7.2.jar\",\"--host\",\"localhost\",\"--port\",9000],\"optionalArgs\":[\"port\",\"host\",\"functions_emulator_port\",\"functions_emulator_host\"],\"joinArgs\":false}"}}
[info] i  database: Database Emulator logging to database-debug.log {"metadata":{"emulator":{"name":"database"},"message":"Database Emulator logging to \u001b[1mdatabase-debug.log\u001b[22m"}}
[debug] [2021-05-03T19:29:29.186Z] 21:29:29.183 [NamespaceSystem-akka.actor.default-dispatcher-4] INFO akka.event.slf4j.Slf4jLogger - Slf4jLogger started
 {"metadata":{"emulator":{"name":"database"},"message":"21:29:29.183 [NamespaceSystem-akka.actor.default-dispatcher-4] INFO akka.event.slf4j.Slf4jLogger - Slf4jLogger started\n"}}
[debug] [2021-05-03T19:29:29.407Z] 21:29:29.407 [main] INFO com.firebase.server.forge.App$ - Listening at localhost:9000
 {"metadata":{"emulator":{"name":"database"},"message":"21:29:29.407 [main] INFO com.firebase.server.forge.App$ - Listening at localhost:9000\n"}}
[warn] ⚠  emulators: The Emulator UI requires a project ID to start. Configure your default project with 'firebase use' or pass the --project flag. {"metadata":{"emulator":{"name":"hub"},"message":"The Emulator UI requires a project ID to start. Configure your default project with 'firebase use' or pass the --project flag."}}
[info] 
┌─────────────────────────────────────────────────────────────┐
│ ✔  All emulators ready! It is now safe to connect your app. │
└─────────────────────────────────────────────────────────────┘

┌────────────────┬──────────────────────────────────┐
│ Emulator       │ Host:Port                        │
├────────────────┼──────────────────────────────────┤
│ Authentication │ localhost:9099                   │
├────────────────┼──────────────────────────────────┤
│ Functions      │ Failed to initialize (see above) │
├────────────────┼──────────────────────────────────┤
│ Firestore      │ localhost:8080                   │
├────────────────┼──────────────────────────────────┤
│ Database       │ localhost:9000                   │
└────────────────┴──────────────────────────────────┘
  Emulator Hub running at localhost:4400
  Other reserved ports: None

Issues? Report them at https://github.com/firebase/firebase-tools/issues and attach the *-debug.log files.
 
[debug] [2021-05-03T19:32:37.963Z] May 03, 2021 9:32:37 PM io.gapi.emulators.netty.HttpVersionRoutingHandler channelRead
INFO: Detected non-HTTP/2 connection.
 {"metadata":{"emulator":{"name":"firestore"},"message":"May 03, 2021 9:32:37 PM io.gapi.emulators.netty.HttpVersionRoutingHandler channelRead\nINFO: Detected non-HTTP/2 connection.\n"}}
[debug] [2021-05-03T19:32:38.283Z] May 03, 2021 9:32:38 PM io.gapi.emulators.netty.NotFoundHandler handleRequest
INFO: Unknown request URI: /favicon.ico
 {"metadata":{"emulator":{"name":"firestore"},"message":"May 03, 2021 9:32:38 PM io.gapi.emulators.netty.NotFoundHandler handleRequest\nINFO: Unknown request URI: /favicon.ico\n"}}
[debug] [2021-05-03T20:57:19.679Z] Received signal SIGHUP 1
[info]  
[info] i  emulators: Received SIGHUP for the first time. Starting a clean shutdown. 
[info] i  emulators: Please wait for a clean shutdown or send the SIGHUP signal again to stop right now. 
[info] i  emulators: Shutting down emulators. {"metadata":{"emulator":{"name":"hub"},"message":"Shutting down emulators."}}
[info] i  database: Stopping Database Emulator {"metadata":{"emulator":{"name":"database"},"message":"Stopping Database Emulator"}}
[debug] [2021-05-03T20:57:19.725Z] 22:57:19.722 [Thread-1] INFO com.firebase.server.forge.App$ - Attempting graceful shutdown.
 {"metadata":{"emulator":{"name":"database"},"message":"22:57:19.722 [Thread-1] INFO com.firebase.server.forge.App$ - Attempting graceful shutdown.\n"}}
[debug] [2021-05-03T20:57:19.737Z] 22:57:19.734 [Thread-1] INFO com.firebase.server.forge.App$ - Graceful shutdown complete.
 {"metadata":{"emulator":{"name":"database"},"message":"22:57:19.734 [Thread-1] INFO com.firebase.server.forge.App$ - Graceful shutdown complete.\n"}}
[info] i  firestore: Stopping Firestore Emulator {"metadata":{"emulator":{"name":"firestore"},"message":"Stopping Firestore Emulator"}}
[debug] [2021-05-03T20:57:20.086Z] Error: write EIO
    at afterWriteDispatched (internal/stream_base_commons.js:156:25)
    at writeGeneric (internal/stream_base_commons.js:147:3)
    at WriteStream.Socket._writeGeneric (net.js:785:11)
    at WriteStream.Socket._write (net.js:797:8)
    at writeOrBuffer (_stream_writable.js:352:12)
    at WriteStream.Writable.write (_stream_writable.js:303:10)
    at Console.log (/usr/local/lib/node_modules/firebase-tools/node_modules/winston/lib/winston/transports/console.js:79:23)
    at Console._write (/usr/local/lib/node_modules/firebase-tools/node_modules/winston-transport/index.js:103:17)
    at doWrite (/usr/local/lib/node_modules/firebase-tools/node_modules/winston-transport/node_modules/readable-stream/lib/_stream_writable.js:428:64)
    at writeOrBuffer (/usr/local/lib/node_modules/firebase-tools/node_modules/winston-transport/node_modules/readable-stream/lib/_stream_writable.js:417:5)
    at Console.Writable.write (/usr/local/lib/node_modules/firebase-tools/node_modules/winston-transport/node_modules/readable-stream/lib/_stream_writable.js:334:11)
    at DerivedLogger.ondata (/usr/local/lib/node_modules/firebase-tools/node_modules/readable-stream/lib/_stream_readable.js:681:20)
    at DerivedLogger.emit (events.js:326:22)
    at DerivedLogger.EventEmitter.emit (domain.js:486:12)
    at addChunk (/usr/local/lib/node_modules/firebase-tools/node_modules/readable-stream/lib/_stream_readable.js:298:12)
    at readableAddChunk (/usr/local/lib/node_modules/firebase-tools/node_modules/readable-stream/lib/_stream_readable.js:280:11)
[error] 
[error] Error: An unexpected error has occurred.
[debug] [2021-05-03T20:57:20.087Z] *** shutting down gRPC server since JVM is shutting down
 {"metadata":{"emulator":{"name":"firestore"},"message":"*** shutting down gRPC server since JVM is shutting down\n"}}
[debug] [2021-05-03T20:57:20.092Z] *** server shut down
 {"metadata":{"emulator":{"name":"firestore"},"message":"*** server shut down\n"}}
[debug] [2021-05-03T22:13:52.705Z] ----------------------------------------------------------------------
[debug] [2021-05-03T22:13:52.708Z] Command:       /usr/local/bin/node /usr/local/bin/firebase emulators:start
[debug] [2021-05-03T22:13:52.708Z] CLI Version:   9.10.0
[debug] [2021-05-03T22:13:52.708Z] Platform:      darwin
[debug] [2021-05-03T22:13:52.708Z] Node Version:  v14.6.0
[debug] [2021-05-03T22:13:52.716Z] Time:          Tue May 04 2021 00:13:52 GMT+0200 (Central European Summer Time)
[debug] [2021-05-03T22:13:52.717Z] ----------------------------------------------------------------------
[debug] 
[debug] [2021-05-03T22:13:52.727Z] > command requires scopes: ["email","openid","https://www.googleapis.com/auth/cloudplatformprojects.readonly","https://www.googleapis.com/auth/firebase","https://www.googleapis.com/auth/cloud-platform"]
[debug] [2021-05-03T22:13:52.727Z] > authorizing via signed-in user (karoly.kertesz11@gmail.com)
[info] i  emulators: Starting emulators: auth, functions, firestore, database {"metadata":{"emulator":{"name":"hub"},"message":"Starting emulators: auth, functions, firestore, database"}}
[debug] [2021-05-03T22:13:52.771Z] [hub] writing locator at /var/folders/73/fz1sybq11yb_swlb978fgs1r0000gn/T/hub-next-events-309cd.json
[warn] ⚠  functions: The functions emulator is configured but there is no functions source directory. Have you run firebase init functions? {"metadata":{"emulator":{"name":"functions"},"message":"The functions emulator is configured but there is no functions source directory. Have you run \u001b[1mfirebase init functions\u001b[22m?"}}
[warn] ⚠  firestore: Did not find a Cloud Firestore rules file specified in a firebase.json config file. {"metadata":{"emulator":{"name":"firestore"},"message":"Did not find a Cloud Firestore rules file specified in a firebase.json config file."}}
[warn] ⚠  firestore: The emulator will default to allowing all reads and writes. Learn more about this option: https://firebase.google.com/docs/emulator-suite/install_and_configure#security_rules_configuration. {"metadata":{"emulator":{"name":"firestore"},"message":"The emulator will default to allowing all reads and writes. Learn more about this option: https://firebase.google.com/docs/emulator-suite/install_and_configure#security_rules_configuration."}}
[debug] [2021-05-03T22:13:52.810Z] Ignoring unsupported arg: projectId {"metadata":{"emulator":{"name":"firestore"},"message":"Ignoring unsupported arg: projectId"}}
[debug] [2021-05-03T22:13:52.811Z] Ignoring unsupported arg: auto_download {"metadata":{"emulator":{"name":"firestore"},"message":"Ignoring unsupported arg: auto_download"}}
[debug] [2021-05-03T22:13:52.811Z] Starting Firestore Emulator with command {"binary":"java","args":["-Dgoogle.cloud_firestore.debug_log_level=FINE","-Duser.language=en","-jar","/Users/kerteszkaroly/.cache/firebase/emulators/cloud-firestore-emulator-v1.11.14.jar","--host","localhost","--port",8080],"optionalArgs":["port","webchannel_port","host","rules","functions_emulator","seed_from_export"],"joinArgs":false} {"metadata":{"emulator":{"name":"firestore"},"message":"Starting Firestore Emulator with command {\"binary\":\"java\",\"args\":[\"-Dgoogle.cloud_firestore.debug_log_level=FINE\",\"-Duser.language=en\",\"-jar\",\"/Users/kerteszkaroly/.cache/firebase/emulators/cloud-firestore-emulator-v1.11.14.jar\",\"--host\",\"localhost\",\"--port\",8080],\"optionalArgs\":[\"port\",\"webchannel_port\",\"host\",\"rules\",\"functions_emulator\",\"seed_from_export\"],\"joinArgs\":false}"}}
[info] i  firestore: Firestore Emulator logging to firestore-debug.log {"metadata":{"emulator":{"name":"firestore"},"message":"Firestore Emulator logging to \u001b[1mfirestore-debug.log\u001b[22m"}}
[debug] [2021-05-03T22:14:00.522Z] May 04, 2021 12:14:00 AM com.google.cloud.datastore.emulator.firestore.websocket.WebSocketServer start
INFO: Started WebSocket server on ws://localhost:49323
 {"metadata":{"emulator":{"name":"firestore"},"message":"May 04, 2021 12:14:00 AM com.google.cloud.datastore.emulator.firestore.websocket.WebSocketServer start\nINFO: Started WebSocket server on ws://localhost:49323\n"}}
[debug] [2021-05-03T22:14:00.618Z] API endpoint: http://localhost:8080
If you are using a library that supports the FIRESTORE_EMULATOR_HOST environment variable, run:

   export FIRESTORE_EMULATOR_HOST=localhost {"metadata":{"emulator":{"name":"firestore"},"message":"API endpoint: http://localhost:8080\nIf you are using a library that supports the FIRESTORE_EMULATOR_HOST environment variable, run:\n\n   export FIRESTORE_EMULATOR_HOST=localhost"}}
[debug] [2021-05-03T22:14:00.618Z] :8080

Dev App Server is now running.

 {"metadata":{"emulator":{"name":"firestore"},"message":":8080\n\nDev App Server is now running.\n\n"}}
[debug] [2021-05-03T22:14:00.758Z] > refreshing access token with scopes: []
[debug] [2021-05-03T22:14:00.759Z] >>> HTTP REQUEST POST https://www.googleapis.com/oauth2/v3/token  
 <request body omitted>
[debug] [2021-05-03T22:14:00.854Z] <<< HTTP RESPONSE 200 {"pragma":"no-cache","cache-control":"no-cache, no-store, max-age=0, must-revalidate","expires":"Mon, 01 Jan 1990 00:00:00 GMT","date":"Mon, 03 May 2021 22:14:00 GMT","content-type":"application/json; charset=utf-8","vary":"X-Origin, Referer, Origin,Accept-Encoding","server":"scaffolding on HTTPServer2","x-xss-protection":"0","x-frame-options":"SAMEORIGIN","x-content-type-options":"nosniff","alt-svc":"h3-29=\":443\"; ma=2592000,h3-T051=\":443\"; ma=2592000,h3-Q050=\":443\"; ma=2592000,h3-Q046=\":443\"; ma=2592000,h3-Q043=\":443\"; ma=2592000,quic=\":443\"; ma=2592000; v=\"46,43\"","accept-ranges":"none","transfer-encoding":"chunked"}
[debug] [2021-05-03T22:14:00.874Z] >>> [apiv2][query] GET https://firebase.googleapis.com/v1beta1/projects/next-events-309cd [none]
[debug] [2021-05-03T22:14:01.086Z] <<< [apiv2][status] GET https://firebase.googleapis.com/v1beta1/projects/next-events-309cd 200
[debug] [2021-05-03T22:14:01.087Z] <<< [apiv2][body] GET https://firebase.googleapis.com/v1beta1/projects/next-events-309cd {"projectId":"next-events-309cd","projectNumber":"633929560716","displayName":"next-events","name":"projects/next-events-309cd","resources":{"hostingSite":"next-events-309cd","realtimeDatabaseInstance":"next-events-309cd-default-rtdb","storageBucket":"next-events-309cd.appspot.com","locationId":"us-central"},"state":"ACTIVE"}
[debug] [2021-05-03T22:14:01.087Z] database rules config:  []
[warn] ⚠  database: Did not find a Realtime Database rules file specified in a firebase.json config file. The emulator will default to allowing all reads and writes. Learn more about this option: https://firebase.google.com/docs/emulator-suite/install_and_configure#security_rules_configuration. {"metadata":{"emulator":{"name":"database"},"message":"Did not find a Realtime Database rules file specified in a firebase.json config file. The emulator will default to allowing all reads and writes. Learn more about this option: https://firebase.google.com/docs/emulator-suite/install_and_configure#security_rules_configuration."}}
[debug] [2021-05-03T22:14:01.089Z] Ignoring unsupported arg: projectId {"metadata":{"emulator":{"name":"database"},"message":"Ignoring unsupported arg: projectId"}}
[debug] [2021-05-03T22:14:01.089Z] Ignoring unsupported arg: auto_download {"metadata":{"emulator":{"name":"database"},"message":"Ignoring unsupported arg: auto_download"}}
[debug] [2021-05-03T22:14:01.090Z] Ignoring unsupported arg: rules {"metadata":{"emulator":{"name":"database"},"message":"Ignoring unsupported arg: rules"}}
[debug] [2021-05-03T22:14:01.090Z] Starting Database Emulator with command {"binary":"java","args":["-Duser.language=en","-jar","/Users/kerteszkaroly/.cache/firebase/emulators/firebase-database-emulator-v4.7.2.jar","--host","localhost","--port",9000],"optionalArgs":["port","host","functions_emulator_port","functions_emulator_host"],"joinArgs":false} {"metadata":{"emulator":{"name":"database"},"message":"Starting Database Emulator with command {\"binary\":\"java\",\"args\":[\"-Duser.language=en\",\"-jar\",\"/Users/kerteszkaroly/.cache/firebase/emulators/firebase-database-emulator-v4.7.2.jar\",\"--host\",\"localhost\",\"--port\",9000],\"optionalArgs\":[\"port\",\"host\",\"functions_emulator_port\",\"functions_emulator_host\"],\"joinArgs\":false}"}}
[info] i  database: Database Emulator logging to database-debug.log {"metadata":{"emulator":{"name":"database"},"message":"Database Emulator logging to \u001b[1mdatabase-debug.log\u001b[22m"}}
[debug] [2021-05-03T22:14:03.926Z] 00:14:03.922 [NamespaceSystem-akka.actor.default-dispatcher-5] INFO akka.event.slf4j.Slf4jLogger - Slf4jLogger started
 {"metadata":{"emulator":{"name":"database"},"message":"00:14:03.922 [NamespaceSystem-akka.actor.default-dispatcher-5] INFO akka.event.slf4j.Slf4jLogger - Slf4jLogger started\n"}}
[debug] [2021-05-03T22:14:04.212Z] 00:14:04.211 [main] INFO com.firebase.server.forge.App$ - Listening at localhost:9000
 {"metadata":{"emulator":{"name":"database"},"message":"00:14:04.211 [main] INFO com.firebase.server.forge.App$ - Listening at localhost:9000\n"}}
[warn] ⚠  emulators: The Emulator UI requires a project ID to start. Configure your default project with 'firebase use' or pass the --project flag. {"metadata":{"emulator":{"name":"hub"},"message":"The Emulator UI requires a project ID to start. Configure your default project with 'firebase use' or pass the --project flag."}}
[info] 
┌─────────────────────────────────────────────────────────────┐
│ ✔  All emulators ready! It is now safe to connect your app. │
└─────────────────────────────────────────────────────────────┘

┌────────────────┬──────────────────────────────────┐
│ Emulator       │ Host:Port                        │
├────────────────┼──────────────────────────────────┤
│ Authentication │ localhost:9099                   │
├────────────────┼──────────────────────────────────┤
│ Functions      │ Failed to initialize (see above) │
├────────────────┼──────────────────────────────────┤
│ Firestore      │ localhost:8080                   │
├────────────────┼──────────────────────────────────┤
│ Database       │ localhost:9000                   │
└────────────────┴──────────────────────────────────┘
  Emulator Hub running at localhost:4400
  Other reserved ports: None

Issues? Report them at https://github.com/firebase/firebase-tools/issues and attach the *-debug.log files.
 
[debug] [2021-05-04T00:19:50.069Z] Received signal SIGHUP 1
[info]  
[info] i  emulators: Received SIGHUP for the first time. Starting a clean shutdown. 
[info] i  emulators: Please wait for a clean shutdown or send the SIGHUP signal again to stop right now. 
[debug] [2021-05-04T00:19:50.073Z] Error: write EIO
    at afterWriteDispatched (internal/stream_base_commons.js:156:25)
    at writeGeneric (internal/stream_base_commons.js:147:3)
    at WriteStream.Socket._writeGeneric (net.js:785:11)
    at WriteStream.Socket._write (net.js:797:8)
    at writeOrBuffer (_stream_writable.js:352:12)
    at WriteStream.Writable.write (_stream_writable.js:303:10)
    at Console.log (/usr/local/lib/node_modules/firebase-tools/node_modules/winston/lib/winston/transports/console.js:79:23)
    at Console._write (/usr/local/lib/node_modules/firebase-tools/node_modules/winston-transport/index.js:103:17)
    at doWrite (/usr/local/lib/node_modules/firebase-tools/node_modules/winston-transport/node_modules/readable-stream/lib/_stream_writable.js:428:64)
    at writeOrBuffer (/usr/local/lib/node_modules/firebase-tools/node_modules/winston-transport/node_modules/readable-stream/lib/_stream_writable.js:417:5)
    at Console.Writable.write (/usr/local/lib/node_modules/firebase-tools/node_modules/winston-transport/node_modules/readable-stream/lib/_stream_writable.js:334:11)
    at DerivedLogger.ondata (/usr/local/lib/node_modules/firebase-tools/node_modules/readable-stream/lib/_stream_readable.js:681:20)
    at DerivedLogger.emit (events.js:326:22)
    at DerivedLogger.EventEmitter.emit (domain.js:486:12)
    at addChunk (/usr/local/lib/node_modules/firebase-tools/node_modules/readable-stream/lib/_stream_readable.js:298:12)
    at readableAddChunk (/usr/local/lib/node_modules/firebase-tools/node_modules/readable-stream/lib/_stream_readable.js:280:11)
[error] 
[error] Error: An unexpected error has occurred.
[info] i  emulators: Shutting down emulators. {"metadata":{"emulator":{"name":"hub"},"message":"Shutting down emulators."}}
[info] i  database: Stopping Database Emulator {"metadata":{"emulator":{"name":"database"},"message":"Stopping Database Emulator"}}
[debug] [2021-05-04T00:19:50.078Z] Ignoring signal SIGHUP due to short delay of 9ms
[debug] [2021-05-04T00:19:50.085Z] 02:19:50.081 [Thread-1] INFO com.firebase.server.forge.App$ - Attempting graceful shutdown.
 {"metadata":{"emulator":{"name":"database"},"message":"02:19:50.081 [Thread-1] INFO com.firebase.server.forge.App$ - Attempting graceful shutdown.\n"}}
[debug] [2021-05-04T00:19:50.102Z] 02:19:50.101 [Thread-1] INFO com.firebase.server.forge.App$ - Graceful shutdown complete.
 {"metadata":{"emulator":{"name":"database"},"message":"02:19:50.101 [Thread-1] INFO com.firebase.server.forge.App$ - Graceful shutdown complete.\n"}}
[info] i  firestore: Stopping Firestore Emulator {"metadata":{"emulator":{"name":"firestore"},"message":"Stopping Firestore Emulator"}}
[debug] [2021-05-04T00:19:50.241Z] *** shutting down gRPC server since JVM is shutting down
 {"metadata":{"emulator":{"name":"firestore"},"message":"*** shutting down gRPC server since JVM is shutting down\n"}}
[debug] [2021-05-04T00:19:50.255Z] *** server shut down
 {"metadata":{"emulator":{"name":"firestore"},"message":"*** server shut down\n"}}
[debug] [2021-05-04T11:14:01.675Z] ----------------------------------------------------------------------
[debug] [2021-05-04T11:14:01.678Z] Command:       /usr/local/bin/node /usr/local/bin/firebase emulators:start
[debug] [2021-05-04T11:14:01.678Z] CLI Version:   9.10.0
[debug] [2021-05-04T11:14:01.678Z] Platform:      darwin
[debug] [2021-05-04T11:14:01.679Z] Node Version:  v14.6.0
[debug] [2021-05-04T11:14:01.686Z] Time:          Tue May 04 2021 13:14:01 GMT+0200 (Central European Summer Time)
[debug] [2021-05-04T11:14:01.686Z] ----------------------------------------------------------------------
[debug] 
[debug] [2021-05-04T11:14:01.698Z] > command requires scopes: ["email","openid","https://www.googleapis.com/auth/cloudplatformprojects.readonly","https://www.googleapis.com/auth/firebase","https://www.googleapis.com/auth/cloud-platform"]
[debug] [2021-05-04T11:14:01.698Z] > authorizing via signed-in user (karoly.kertesz11@gmail.com)
[info] i  emulators: Starting emulators: auth, functions, firestore, database {"metadata":{"emulator":{"name":"hub"},"message":"Starting emulators: auth, functions, firestore, database"}}
[debug] [2021-05-04T11:14:01.733Z] [hub] writing locator at /var/folders/73/fz1sybq11yb_swlb978fgs1r0000gn/T/hub-next-events-309cd.json
[warn] ⚠  functions: The functions emulator is configured but there is no functions source directory. Have you run firebase init functions? {"metadata":{"emulator":{"name":"functions"},"message":"The functions emulator is configured but there is no functions source directory. Have you run \u001b[1mfirebase init functions\u001b[22m?"}}
[warn] ⚠  firestore: Did not find a Cloud Firestore rules file specified in a firebase.json config file. {"metadata":{"emulator":{"name":"firestore"},"message":"Did not find a Cloud Firestore rules file specified in a firebase.json config file."}}
[warn] ⚠  firestore: The emulator will default to allowing all reads and writes. Learn more about this option: https://firebase.google.com/docs/emulator-suite/install_and_configure#security_rules_configuration. {"metadata":{"emulator":{"name":"firestore"},"message":"The emulator will default to allowing all reads and writes. Learn more about this option: https://firebase.google.com/docs/emulator-suite/install_and_configure#security_rules_configuration."}}
[debug] [2021-05-04T11:14:01.770Z] Ignoring unsupported arg: projectId {"metadata":{"emulator":{"name":"firestore"},"message":"Ignoring unsupported arg: projectId"}}
[debug] [2021-05-04T11:14:01.770Z] Ignoring unsupported arg: auto_download {"metadata":{"emulator":{"name":"firestore"},"message":"Ignoring unsupported arg: auto_download"}}
[debug] [2021-05-04T11:14:01.770Z] Starting Firestore Emulator with command {"binary":"java","args":["-Dgoogle.cloud_firestore.debug_log_level=FINE","-Duser.language=en","-jar","/Users/kerteszkaroly/.cache/firebase/emulators/cloud-firestore-emulator-v1.11.14.jar","--host","localhost","--port",8080],"optionalArgs":["port","webchannel_port","host","rules","functions_emulator","seed_from_export"],"joinArgs":false} {"metadata":{"emulator":{"name":"firestore"},"message":"Starting Firestore Emulator with command {\"binary\":\"java\",\"args\":[\"-Dgoogle.cloud_firestore.debug_log_level=FINE\",\"-Duser.language=en\",\"-jar\",\"/Users/kerteszkaroly/.cache/firebase/emulators/cloud-firestore-emulator-v1.11.14.jar\",\"--host\",\"localhost\",\"--port\",8080],\"optionalArgs\":[\"port\",\"webchannel_port\",\"host\",\"rules\",\"functions_emulator\",\"seed_from_export\"],\"joinArgs\":false}"}}
[info] i  firestore: Firestore Emulator logging to firestore-debug.log {"metadata":{"emulator":{"name":"firestore"},"message":"Firestore Emulator logging to \u001b[1mfirestore-debug.log\u001b[22m"}}
[debug] [2021-05-04T11:14:09.120Z] May 04, 2021 1:14:09 PM com.google.cloud.datastore.emulator.firestore.websocket.WebSocketServer start
INFO: Started WebSocket server on ws://localhost:49608
 {"metadata":{"emulator":{"name":"firestore"},"message":"May 04, 2021 1:14:09 PM com.google.cloud.datastore.emulator.firestore.websocket.WebSocketServer start\nINFO: Started WebSocket server on ws://localhost:49608\n"}}
[debug] [2021-05-04T11:14:09.214Z] API endpoint: http://localhost:8080
If you are using a library that supports the FIRESTORE_EMULATOR_HOST environment variable, run:

   export FIRESTORE_EMULATOR_HOST=localhost:8080

Dev App Server is now running.

 {"metadata":{"emulator":{"name":"firestore"},"message":"API endpoint: http://localhost:8080\nIf you are using a library that supports the FIRESTORE_EMULATOR_HOST environment variable, run:\n\n   export FIRESTORE_EMULATOR_HOST=localhost:8080\n\nDev App Server is now running.\n\n"}}
[debug] [2021-05-04T11:14:09.414Z] > refreshing access token with scopes: []
[debug] [2021-05-04T11:14:09.415Z] >>> HTTP REQUEST POST https://www.googleapis.com/oauth2/v3/token  
 <request body omitted>
[debug] [2021-05-04T11:14:09.515Z] <<< HTTP RESPONSE 200 {"expires":"Mon, 01 Jan 1990 00:00:00 GMT","date":"Tue, 04 May 2021 11:14:09 GMT","cache-control":"no-cache, no-store, max-age=0, must-revalidate","pragma":"no-cache","content-type":"application/json; charset=utf-8","vary":"X-Origin, Referer, Origin,Accept-Encoding","server":"scaffolding on HTTPServer2","x-xss-protection":"0","x-frame-options":"SAMEORIGIN","x-content-type-options":"nosniff","alt-svc":"h3-29=\":443\"; ma=2592000,h3-T051=\":443\"; ma=2592000,h3-Q050=\":443\"; ma=2592000,h3-Q046=\":443\"; ma=2592000,h3-Q043=\":443\"; ma=2592000,quic=\":443\"; ma=2592000; v=\"46,43\"","accept-ranges":"none","transfer-encoding":"chunked"}
[debug] [2021-05-04T11:14:09.530Z] >>> [apiv2][query] GET https://firebase.googleapis.com/v1beta1/projects/next-events-309cd [none]
[debug] [2021-05-04T11:14:09.769Z] <<< [apiv2][status] GET https://firebase.googleapis.com/v1beta1/projects/next-events-309cd 200
[debug] [2021-05-04T11:14:09.769Z] <<< [apiv2][body] GET https://firebase.googleapis.com/v1beta1/projects/next-events-309cd {"projectId":"next-events-309cd","projectNumber":"633929560716","displayName":"next-events","name":"projects/next-events-309cd","resources":{"hostingSite":"next-events-309cd","realtimeDatabaseInstance":"next-events-309cd-default-rtdb","storageBucket":"next-events-309cd.appspot.com","locationId":"us-central"},"state":"ACTIVE"}
[debug] [2021-05-04T11:14:09.770Z] database rules config:  []
[warn] ⚠  database: Did not find a Realtime Database rules file specified in a firebase.json config file. The emulator will default to allowing all reads and writes. Learn more about this option: https://firebase.google.com/docs/emulator-suite/install_and_configure#security_rules_configuration. {"metadata":{"emulator":{"name":"database"},"message":"Did not find a Realtime Database rules file specified in a firebase.json config file. The emulator will default to allowing all reads and writes. Learn more about this option: https://firebase.google.com/docs/emulator-suite/install_and_configure#security_rules_configuration."}}
[debug] [2021-05-04T11:14:09.771Z] Ignoring unsupported arg: projectId {"metadata":{"emulator":{"name":"database"},"message":"Ignoring unsupported arg: projectId"}}
[debug] [2021-05-04T11:14:09.772Z] Ignoring unsupported arg: auto_download {"metadata":{"emulator":{"name":"database"},"message":"Ignoring unsupported arg: auto_download"}}
[debug] [2021-05-04T11:14:09.772Z] Ignoring unsupported arg: rules {"metadata":{"emulator":{"name":"database"},"message":"Ignoring unsupported arg: rules"}}
[debug] [2021-05-04T11:14:09.772Z] Starting Database Emulator with command {"binary":"java","args":["-Duser.language=en","-jar","/Users/kerteszkaroly/.cache/firebase/emulators/firebase-database-emulator-v4.7.2.jar","--host","localhost","--port",9000],"optionalArgs":["port","host","functions_emulator_port","functions_emulator_host"],"joinArgs":false} {"metadata":{"emulator":{"name":"database"},"message":"Starting Database Emulator with command {\"binary\":\"java\",\"args\":[\"-Duser.language=en\",\"-jar\",\"/Users/kerteszkaroly/.cache/firebase/emulators/firebase-database-emulator-v4.7.2.jar\",\"--host\",\"localhost\",\"--port\",9000],\"optionalArgs\":[\"port\",\"host\",\"functions_emulator_port\",\"functions_emulator_host\"],\"joinArgs\":false}"}}
[info] i  database: Database Emulator logging to database-debug.log {"metadata":{"emulator":{"name":"database"},"message":"Database Emulator logging to \u001b[1mdatabase-debug.log\u001b[22m"}}
[debug] [2021-05-04T11:14:12.624Z] 13:14:12.620 [NamespaceSystem-akka.actor.default-dispatcher-5] INFO akka.event.slf4j.Slf4jLogger - Slf4jLogger started
 {"metadata":{"emulator":{"name":"database"},"message":"13:14:12.620 [NamespaceSystem-akka.actor.default-dispatcher-5] INFO akka.event.slf4j.Slf4jLogger - Slf4jLogger started\n"}}
[debug] [2021-05-04T11:14:12.962Z] 13:14:12.962 [main] INFO com.firebase.server.forge.App$ - Listening at localhost:9000
 {"metadata":{"emulator":{"name":"database"},"message":"13:14:12.962 [main] INFO com.firebase.server.forge.App$ - Listening at localhost:9000\n"}}
[warn] ⚠  emulators: The Emulator UI requires a project ID to start. Configure your default project with 'firebase use' or pass the --project flag. {"metadata":{"emulator":{"name":"hub"},"message":"The Emulator UI requires a project ID to start. Configure your default project with 'firebase use' or pass the --project flag."}}
[info] 
┌─────────────────────────────────────────────────────────────┐
│ ✔  All emulators ready! It is now safe to connect your app. │
└─────────────────────────────────────────────────────────────┘

┌────────────────┬──────────────────────────────────┐
│ Emulator       │ Host:Port                        │
├────────────────┼──────────────────────────────────┤
│ Authentication │ localhost:9099                   │
├────────────────┼──────────────────────────────────┤
│ Functions      │ Failed to initialize (see above) │
├────────────────┼──────────────────────────────────┤
│ Firestore      │ localhost:8080                   │
├────────────────┼──────────────────────────────────┤
│ Database       │ localhost:9000                   │
└────────────────┴──────────────────────────────────┘
  Emulator Hub running at localhost:4400
  Other reserved ports: None

Issues? Report them at https://github.com/firebase/firebase-tools/issues and attach the *-debug.log files.
 
[debug] [2021-05-04T14:35:09.247Z] Received signal SIGHUP 1
[info]  
[info] i  emulators: Received SIGHUP for the first time. Starting a clean shutdown. 
[info] i  emulators: Please wait for a clean shutdown or send the SIGHUP signal again to stop right now. 
[info] i  emulators: Shutting down emulators. {"metadata":{"emulator":{"name":"hub"},"message":"Shutting down emulators."}}
[info] i  database: Stopping Database Emulator {"metadata":{"emulator":{"name":"database"},"message":"Stopping Database Emulator"}}
[debug] [2021-05-04T14:35:09.320Z] Ignoring signal SIGHUP due to short delay of 73ms
[debug] [2021-05-04T14:35:09.334Z] 16:35:09.323 [Thread-1] INFO com.firebase.server.forge.App$ - Attempting graceful shutdown.
 {"metadata":{"emulator":{"name":"database"},"message":"16:35:09.323 [Thread-1] INFO com.firebase.server.forge.App$ - Attempting graceful shutdown.\n"}}
[debug] [2021-05-04T14:35:09.350Z] 16:35:09.349 [Thread-1] INFO com.firebase.server.forge.App$ - Graceful shutdown complete.
 {"metadata":{"emulator":{"name":"database"},"message":"16:35:09.349 [Thread-1] INFO com.firebase.server.forge.App$ - Graceful shutdown complete.\n"}}
[info] i  firestore: Stopping Firestore Emulator {"metadata":{"emulator":{"name":"firestore"},"message":"Stopping Firestore Emulator"}}
[debug] [2021-05-04T14:35:09.514Z] Error: write EIO
    at afterWriteDispatched (internal/stream_base_commons.js:156:25)
    at writeGeneric (internal/stream_base_commons.js:147:3)
    at WriteStream.Socket._writeGeneric (net.js:785:11)
    at WriteStream.Socket._write (net.js:797:8)
    at writeOrBuffer (_stream_writable.js:352:12)
    at WriteStream.Writable.write (_stream_writable.js:303:10)
    at Console.log (/usr/local/lib/node_modules/firebase-tools/node_modules/winston/lib/winston/transports/console.js:79:23)
    at Console._write (/usr/local/lib/node_modules/firebase-tools/node_modules/winston-transport/index.js:103:17)
    at doWrite (/usr/local/lib/node_modules/firebase-tools/node_modules/winston-transport/node_modules/readable-stream/lib/_stream_writable.js:428:64)
    at writeOrBuffer (/usr/local/lib/node_modules/firebase-tools/node_modules/winston-transport/node_modules/readable-stream/lib/_stream_writable.js:417:5)
    at Console.Writable.write (/usr/local/lib/node_modules/firebase-tools/node_modules/winston-transport/node_modules/readable-stream/lib/_stream_writable.js:334:11)
    at DerivedLogger.ondata (/usr/local/lib/node_modules/firebase-tools/node_modules/readable-stream/lib/_stream_readable.js:681:20)
    at DerivedLogger.emit (events.js:326:22)
    at DerivedLogger.EventEmitter.emit (domain.js:486:12)
    at addChunk (/usr/local/lib/node_modules/firebase-tools/node_modules/readable-stream/lib/_stream_readable.js:298:12)
    at readableAddChunk (/usr/local/lib/node_modules/firebase-tools/node_modules/readable-stream/lib/_stream_readable.js:280:11)
[error] 
[error] Error: An unexpected error has occurred.
[debug] [2021-05-04T14:35:09.529Z] *** shutting down gRPC server since JVM is shutting down {"metadata":{"emulator":{"name":"firestore"},"message":"*** shutting down gRPC server since JVM is shutting down"}}
[debug] [2021-05-04T14:35:09.530Z] 
 {"metadata":{"emulator":{"name":"firestore"},"message":"\n"}}
[debug] [2021-05-04T14:35:09.539Z] *** server shut down {"metadata":{"emulator":{"name":"firestore"},"message":"*** server shut down"}}
[debug] [2021-05-04T14:35:09.539Z] 
 {"metadata":{"emulator":{"name":"firestore"},"message":"\n"}}
[debug] [2021-05-04T18:22:07.525Z] ----------------------------------------------------------------------
[debug] [2021-05-04T18:22:07.528Z] Command:       /usr/local/bin/node /usr/local/bin/firebase emulators:start
[debug] [2021-05-04T18:22:07.529Z] CLI Version:   9.10.0
[debug] [2021-05-04T18:22:07.529Z] Platform:      darwin
[debug] [2021-05-04T18:22:07.529Z] Node Version:  v14.6.0
[debug] [2021-05-04T18:22:07.537Z] Time:          Tue May 04 2021 20:22:07 GMT+0200 (Central European Summer Time)
[debug] [2021-05-04T18:22:07.537Z] ----------------------------------------------------------------------
[debug] 
[debug] [2021-05-04T18:22:07.548Z] > command requires scopes: ["email","openid","https://www.googleapis.com/auth/cloudplatformprojects.readonly","https://www.googleapis.com/auth/firebase","https://www.googleapis.com/auth/cloud-platform"]
[debug] [2021-05-04T18:22:07.548Z] > authorizing via signed-in user (karoly.kertesz11@gmail.com)
[info] i  emulators: Starting emulators: auth, functions, firestore, database {"metadata":{"emulator":{"name":"hub"},"message":"Starting emulators: auth, functions, firestore, database"}}
[debug] [2021-05-04T18:22:07.620Z] [hub] writing locator at /var/folders/73/fz1sybq11yb_swlb978fgs1r0000gn/T/hub-next-events-309cd.json
[warn] ⚠  functions: The functions emulator is configured but there is no functions source directory. Have you run firebase init functions? {"metadata":{"emulator":{"name":"functions"},"message":"The functions emulator is configured but there is no functions source directory. Have you run \u001b[1mfirebase init functions\u001b[22m?"}}
[warn] ⚠  firestore: Did not find a Cloud Firestore rules file specified in a firebase.json config file. {"metadata":{"emulator":{"name":"firestore"},"message":"Did not find a Cloud Firestore rules file specified in a firebase.json config file."}}
[warn] ⚠  firestore: The emulator will default to allowing all reads and writes. Learn more about this option: https://firebase.google.com/docs/emulator-suite/install_and_configure#security_rules_configuration. {"metadata":{"emulator":{"name":"firestore"},"message":"The emulator will default to allowing all reads and writes. Learn more about this option: https://firebase.google.com/docs/emulator-suite/install_and_configure#security_rules_configuration."}}
[debug] [2021-05-04T18:22:07.677Z] Ignoring unsupported arg: projectId {"metadata":{"emulator":{"name":"firestore"},"message":"Ignoring unsupported arg: projectId"}}
[debug] [2021-05-04T18:22:07.678Z] Ignoring unsupported arg: auto_download {"metadata":{"emulator":{"name":"firestore"},"message":"Ignoring unsupported arg: auto_download"}}
[debug] [2021-05-04T18:22:07.678Z] Starting Firestore Emulator with command {"binary":"java","args":["-Dgoogle.cloud_firestore.debug_log_level=FINE","-Duser.language=en","-jar","/Users/kerteszkaroly/.cache/firebase/emulators/cloud-firestore-emulator-v1.11.14.jar","--host","localhost","--port",8080],"optionalArgs":["port","webchannel_port","host","rules","functions_emulator","seed_from_export"],"joinArgs":false} {"metadata":{"emulator":{"name":"firestore"},"message":"Starting Firestore Emulator with command {\"binary\":\"java\",\"args\":[\"-Dgoogle.cloud_firestore.debug_log_level=FINE\",\"-Duser.language=en\",\"-jar\",\"/Users/kerteszkaroly/.cache/firebase/emulators/cloud-firestore-emulator-v1.11.14.jar\",\"--host\",\"localhost\",\"--port\",8080],\"optionalArgs\":[\"port\",\"webchannel_port\",\"host\",\"rules\",\"functions_emulator\",\"seed_from_export\"],\"joinArgs\":false}"}}
[info] i  firestore: Firestore Emulator logging to firestore-debug.log {"metadata":{"emulator":{"name":"firestore"},"message":"Firestore Emulator logging to \u001b[1mfirestore-debug.log\u001b[22m"}}
[debug] [2021-05-04T18:22:15.225Z] May 04, 2021 8:22:15 PM com.google.cloud.datastore.emulator.firestore.websocket.WebSocketServer start
INFO: Started WebSocket server on ws://localhost:49372
 {"metadata":{"emulator":{"name":"firestore"},"message":"May 04, 2021 8:22:15 PM com.google.cloud.datastore.emulator.firestore.websocket.WebSocketServer start\nINFO: Started WebSocket server on ws://localhost:49372\n"}}
[debug] [2021-05-04T18:22:15.276Z] API endpoint: http://localhost {"metadata":{"emulator":{"name":"firestore"},"message":"API endpoint: http://localhost"}}
[debug] [2021-05-04T18:22:15.277Z] :8080
If you are using a library that supports the FIRESTORE_EMULATOR_HOST environment variable, run:

   export FIRESTORE_EMULATOR_HOST=localhost:8080

Dev App Server is now running.

 {"metadata":{"emulator":{"name":"firestore"},"message":":8080\nIf you are using a library that supports the FIRESTORE_EMULATOR_HOST environment variable, run:\n\n   export FIRESTORE_EMULATOR_HOST=localhost:8080\n\nDev App Server is now running.\n\n"}}
[debug] [2021-05-04T18:22:15.378Z] > refreshing access token with scopes: []
[debug] [2021-05-04T18:22:15.379Z] >>> HTTP REQUEST POST https://www.googleapis.com/oauth2/v3/token  
 <request body omitted>
[debug] [2021-05-04T18:22:15.464Z] <<< HTTP RESPONSE 200 {"expires":"Mon, 01 Jan 1990 00:00:00 GMT","cache-control":"no-cache, no-store, max-age=0, must-revalidate","date":"Tue, 04 May 2021 18:22:15 GMT","pragma":"no-cache","content-type":"application/json; charset=utf-8","vary":"X-Origin, Referer, Origin,Accept-Encoding","server":"scaffolding on HTTPServer2","x-xss-protection":"0","x-frame-options":"SAMEORIGIN","x-content-type-options":"nosniff","alt-svc":"h3-29=\":443\"; ma=2592000,h3-T051=\":443\"; ma=2592000,h3-Q050=\":443\"; ma=2592000,h3-Q046=\":443\"; ma=2592000,h3-Q043=\":443\"; ma=2592000,quic=\":443\"; ma=2592000; v=\"46,43\"","accept-ranges":"none","transfer-encoding":"chunked"}
[debug] [2021-05-04T18:22:15.481Z] >>> [apiv2][query] GET https://firebase.googleapis.com/v1beta1/projects/next-events-309cd [none]
[debug] [2021-05-04T18:22:15.749Z] <<< [apiv2][status] GET https://firebase.googleapis.com/v1beta1/projects/next-events-309cd 200
[debug] [2021-05-04T18:22:15.750Z] <<< [apiv2][body] GET https://firebase.googleapis.com/v1beta1/projects/next-events-309cd {"projectId":"next-events-309cd","projectNumber":"633929560716","displayName":"next-events","name":"projects/next-events-309cd","resources":{"hostingSite":"next-events-309cd","realtimeDatabaseInstance":"next-events-309cd-default-rtdb","storageBucket":"next-events-309cd.appspot.com","locationId":"us-central"},"state":"ACTIVE"}
[debug] [2021-05-04T18:22:15.750Z] database rules config:  []
[warn] ⚠  database: Did not find a Realtime Database rules file specified in a firebase.json config file. The emulator will default to allowing all reads and writes. Learn more about this option: https://firebase.google.com/docs/emulator-suite/install_and_configure#security_rules_configuration. {"metadata":{"emulator":{"name":"database"},"message":"Did not find a Realtime Database rules file specified in a firebase.json config file. The emulator will default to allowing all reads and writes. Learn more about this option: https://firebase.google.com/docs/emulator-suite/install_and_configure#security_rules_configuration."}}
[debug] [2021-05-04T18:22:15.752Z] Ignoring unsupported arg: projectId {"metadata":{"emulator":{"name":"database"},"message":"Ignoring unsupported arg: projectId"}}
[debug] [2021-05-04T18:22:15.752Z] Ignoring unsupported arg: auto_download {"metadata":{"emulator":{"name":"database"},"message":"Ignoring unsupported arg: auto_download"}}
[debug] [2021-05-04T18:22:15.753Z] Ignoring unsupported arg: rules {"metadata":{"emulator":{"name":"database"},"message":"Ignoring unsupported arg: rules"}}
[debug] [2021-05-04T18:22:15.753Z] Starting Database Emulator with command {"binary":"java","args":["-Duser.language=en","-jar","/Users/kerteszkaroly/.cache/firebase/emulators/firebase-database-emulator-v4.7.2.jar","--host","localhost","--port",9000],"optionalArgs":["port","host","functions_emulator_port","functions_emulator_host"],"joinArgs":false} {"metadata":{"emulator":{"name":"database"},"message":"Starting Database Emulator with command {\"binary\":\"java\",\"args\":[\"-Duser.language=en\",\"-jar\",\"/Users/kerteszkaroly/.cache/firebase/emulators/firebase-database-emulator-v4.7.2.jar\",\"--host\",\"localhost\",\"--port\",9000],\"optionalArgs\":[\"port\",\"host\",\"functions_emulator_port\",\"functions_emulator_host\"],\"joinArgs\":false}"}}
[info] i  database: Database Emulator logging to database-debug.log {"metadata":{"emulator":{"name":"database"},"message":"Database Emulator logging to \u001b[1mdatabase-debug.log\u001b[22m"}}
[debug] [2021-05-04T18:22:20.461Z] 20:22:20.457 [NamespaceSystem-akka.actor.default-dispatcher-5] INFO akka.event.slf4j.Slf4jLogger - Slf4jLogger started
 {"metadata":{"emulator":{"name":"database"},"message":"20:22:20.457 [NamespaceSystem-akka.actor.default-dispatcher-5] INFO akka.event.slf4j.Slf4jLogger - Slf4jLogger started\n"}}
[debug] [2021-05-04T18:22:20.786Z] 20:22:20.786 [main] INFO com.firebase.server.forge.App$ - Listening at localhost:9000
 {"metadata":{"emulator":{"name":"database"},"message":"20:22:20.786 [main] INFO com.firebase.server.forge.App$ - Listening at localhost:9000\n"}}
[warn] ⚠  emulators: The Emulator UI requires a project ID to start. Configure your default project with 'firebase use' or pass the --project flag. {"metadata":{"emulator":{"name":"hub"},"message":"The Emulator UI requires a project ID to start. Configure your default project with 'firebase use' or pass the --project flag."}}
[info] 
┌─────────────────────────────────────────────────────────────┐
│ ✔  All emulators ready! It is now safe to connect your app. │
└─────────────────────────────────────────────────────────────┘

┌────────────────┬──────────────────────────────────┐
│ Emulator       │ Host:Port                        │
├────────────────┼──────────────────────────────────┤
│ Authentication │ localhost:9099                   │
├────────────────┼──────────────────────────────────┤
│ Functions      │ Failed to initialize (see above) │
├────────────────┼──────────────────────────────────┤
│ Firestore      │ localhost:8080                   │
├────────────────┼──────────────────────────────────┤
│ Database       │ localhost:9000                   │
└────────────────┴──────────────────────────────────┘
  Emulator Hub running at localhost:4400
  Other reserved ports: None

Issues? Report them at https://github.com/firebase/firebase-tools/issues and attach the *-debug.log files.
 
[debug] [2021-05-04T18:59:15.444Z] Received signal SIGHUP 1
[info]  
[info] i  emulators: Received SIGHUP for the first time. Starting a clean shutdown. 
[info] i  emulators: Please wait for a clean shutdown or send the SIGHUP signal again to stop right now. 
[info] i  emulators: Shutting down emulators. {"metadata":{"emulator":{"name":"hub"},"message":"Shutting down emulators."}}
[info] i  database: Stopping Database Emulator {"metadata":{"emulator":{"name":"database"},"message":"Stopping Database Emulator"}}
[debug] [2021-05-04T18:59:15.482Z] Ignoring signal SIGHUP due to short delay of 38ms
[debug] [2021-05-04T18:59:15.510Z] 20:59:15.502 [Thread-1] INFO com.firebase.server.forge.App$ - Attempting graceful shutdown.
 {"metadata":{"emulator":{"name":"database"},"message":"20:59:15.502 [Thread-1] INFO com.firebase.server.forge.App$ - Attempting graceful shutdown.\n"}}
[debug] [2021-05-04T18:59:15.527Z] 20:59:15.526 [Thread-1] INFO com.firebase.server.forge.App$ - Graceful shutdown complete.
 {"metadata":{"emulator":{"name":"database"},"message":"20:59:15.526 [Thread-1] INFO com.firebase.server.forge.App$ - Graceful shutdown complete.\n"}}
[info] i  firestore: Stopping Firestore Emulator {"metadata":{"emulator":{"name":"firestore"},"message":"Stopping Firestore Emulator"}}
[debug] [2021-05-04T18:59:15.911Z] Error: write EIO
    at afterWriteDispatched (internal/stream_base_commons.js:156:25)
    at writeGeneric (internal/stream_base_commons.js:147:3)
    at WriteStream.Socket._writeGeneric (net.js:785:11)
    at WriteStream.Socket._write (net.js:797:8)
    at writeOrBuffer (_stream_writable.js:352:12)
    at WriteStream.Writable.write (_stream_writable.js:303:10)
    at Console.log (/usr/local/lib/node_modules/firebase-tools/node_modules/winston/lib/winston/transports/console.js:79:23)
    at Console._write (/usr/local/lib/node_modules/firebase-tools/node_modules/winston-transport/index.js:103:17)
    at doWrite (/usr/local/lib/node_modules/firebase-tools/node_modules/winston-transport/node_modules/readable-stream/lib/_stream_writable.js:428:64)
    at writeOrBuffer (/usr/local/lib/node_modules/firebase-tools/node_modules/winston-transport/node_modules/readable-stream/lib/_stream_writable.js:417:5)
    at Console.Writable.write (/usr/local/lib/node_modules/firebase-tools/node_modules/winston-transport/node_modules/readable-stream/lib/_stream_writable.js:334:11)
    at DerivedLogger.ondata (/usr/local/lib/node_modules/firebase-tools/node_modules/readable-stream/lib/_stream_readable.js:681:20)
    at DerivedLogger.emit (events.js:326:22)
    at DerivedLogger.EventEmitter.emit (domain.js:486:12)
    at addChunk (/usr/local/lib/node_modules/firebase-tools/node_modules/readable-stream/lib/_stream_readable.js:298:12)
    at readableAddChunk (/usr/local/lib/node_modules/firebase-tools/node_modules/readable-stream/lib/_stream_readable.js:280:11)
[error] 
[error] Error: An unexpected error has occurred.
[debug] [2021-05-04T18:59:15.912Z] *** shutting down gRPC server since JVM is shutting down
 {"metadata":{"emulator":{"name":"firestore"},"message":"*** shutting down gRPC server since JVM is shutting down\n"}}
[debug] [2021-05-04T18:59:15.919Z] *** server shut down
 {"metadata":{"emulator":{"name":"firestore"},"message":"*** server shut down\n"}}
[debug] [2021-05-04T21:49:33.633Z] ----------------------------------------------------------------------
[debug] [2021-05-04T21:49:33.637Z] Command:       /usr/local/bin/node /usr/local/bin/firebase emulators:start
[debug] [2021-05-04T21:49:33.637Z] CLI Version:   9.10.0
[debug] [2021-05-04T21:49:33.637Z] Platform:      darwin
[debug] [2021-05-04T21:49:33.637Z] Node Version:  v14.6.0
[debug] [2021-05-04T21:49:33.645Z] Time:          Tue May 04 2021 23:49:33 GMT+0200 (Central European Summer Time)
[debug] [2021-05-04T21:49:33.645Z] ----------------------------------------------------------------------
[debug] 
[debug] [2021-05-04T21:49:33.649Z] >>> [apiv2][query] GET https://firebase-public.firebaseio.com/cli.json [none]
[debug] [2021-05-04T21:49:33.689Z] > command requires scopes: ["email","openid","https://www.googleapis.com/auth/cloudplatformprojects.readonly","https://www.googleapis.com/auth/firebase","https://www.googleapis.com/auth/cloud-platform"]
[debug] [2021-05-04T21:49:33.689Z] > authorizing via signed-in user (karoly.kertesz11@gmail.com)
[info] i  emulators: Starting emulators: auth, functions, firestore, database {"metadata":{"emulator":{"name":"hub"},"message":"Starting emulators: auth, functions, firestore, database"}}
[debug] [2021-05-04T21:49:33.719Z] [hub] writing locator at /var/folders/73/fz1sybq11yb_swlb978fgs1r0000gn/T/hub-next-events-309cd.json
[warn] ⚠  functions: The functions emulator is configured but there is no functions source directory. Have you run firebase init functions? {"metadata":{"emulator":{"name":"functions"},"message":"The functions emulator is configured but there is no functions source directory. Have you run \u001b[1mfirebase init functions\u001b[22m?"}}
[warn] ⚠  firestore: Did not find a Cloud Firestore rules file specified in a firebase.json config file. {"metadata":{"emulator":{"name":"firestore"},"message":"Did not find a Cloud Firestore rules file specified in a firebase.json config file."}}
[warn] ⚠  firestore: The emulator will default to allowing all reads and writes. Learn more about this option: https://firebase.google.com/docs/emulator-suite/install_and_configure#security_rules_configuration. {"metadata":{"emulator":{"name":"firestore"},"message":"The emulator will default to allowing all reads and writes. Learn more about this option: https://firebase.google.com/docs/emulator-suite/install_and_configure#security_rules_configuration."}}
[debug] [2021-05-04T21:49:33.763Z] Ignoring unsupported arg: projectId {"metadata":{"emulator":{"name":"firestore"},"message":"Ignoring unsupported arg: projectId"}}
[debug] [2021-05-04T21:49:33.764Z] Ignoring unsupported arg: auto_download {"metadata":{"emulator":{"name":"firestore"},"message":"Ignoring unsupported arg: auto_download"}}
[debug] [2021-05-04T21:49:33.764Z] Starting Firestore Emulator with command {"binary":"java","args":["-Dgoogle.cloud_firestore.debug_log_level=FINE","-Duser.language=en","-jar","/Users/kerteszkaroly/.cache/firebase/emulators/cloud-firestore-emulator-v1.11.14.jar","--host","localhost","--port",8080],"optionalArgs":["port","webchannel_port","host","rules","functions_emulator","seed_from_export"],"joinArgs":false} {"metadata":{"emulator":{"name":"firestore"},"message":"Starting Firestore Emulator with command {\"binary\":\"java\",\"args\":[\"-Dgoogle.cloud_firestore.debug_log_level=FINE\",\"-Duser.language=en\",\"-jar\",\"/Users/kerteszkaroly/.cache/firebase/emulators/cloud-firestore-emulator-v1.11.14.jar\",\"--host\",\"localhost\",\"--port\",8080],\"optionalArgs\":[\"port\",\"webchannel_port\",\"host\",\"rules\",\"functions_emulator\",\"seed_from_export\"],\"joinArgs\":false}"}}
[info] i  firestore: Firestore Emulator logging to firestore-debug.log {"metadata":{"emulator":{"name":"firestore"},"message":"Firestore Emulator logging to \u001b[1mfirestore-debug.log\u001b[22m"}}
[debug] [2021-05-04T21:49:34.264Z] <<< [apiv2][status] GET https://firebase-public.firebaseio.com/cli.json 200
[debug] [2021-05-04T21:49:34.265Z] <<< [apiv2][body] GET https://firebase-public.firebaseio.com/cli.json {"cloudBuildErrorAfter":1594252800000,"cloudBuildWarnAfter":1590019200000,"defaultNode10After":1594252800000,"minVersion":"3.0.5","node8DeploysDisabledAfter":1613390400000,"node8RuntimeDisabledAfter":1615809600000,"node8WarnAfter":1600128000000}
[debug] [2021-05-04T21:49:43.811Z] May 04, 2021 11:49:43 PM com.google.cloud.datastore.emulator.firestore.websocket.WebSocketServer start
INFO: Started WebSocket server on ws://localhost:49314
 {"metadata":{"emulator":{"name":"firestore"},"message":"May 04, 2021 11:49:43 PM com.google.cloud.datastore.emulator.firestore.websocket.WebSocketServer start\nINFO: Started WebSocket server on ws://localhost:49314\n"}}
[debug] [2021-05-04T21:49:43.975Z] API endpoint: http:// {"metadata":{"emulator":{"name":"firestore"},"message":"API endpoint: http://"}}
[debug] [2021-05-04T21:49:43.976Z] localhost: {"metadata":{"emulator":{"name":"firestore"},"message":"localhost:"}}
[debug] [2021-05-04T21:49:43.988Z] 8080 {"metadata":{"emulator":{"name":"firestore"},"message":"8080"}}
[debug] [2021-05-04T21:49:43.989Z] 
 {"metadata":{"emulator":{"name":"firestore"},"message":"\n"}}
[debug] [2021-05-04T21:49:43.989Z] If you are using a library that supports the FIRESTORE_EMULATOR_HOST environment variable, run: {"metadata":{"emulator":{"name":"firestore"},"message":"If you are using a library that supports the FIRESTORE_EMULATOR_HOST environment variable, run:"}}
[debug] [2021-05-04T21:49:43.989Z] 
 {"metadata":{"emulator":{"name":"firestore"},"message":"\n"}}
[debug] [2021-05-04T21:49:43.990Z] 
   export FIRESTORE_EMULATOR_HOST= {"metadata":{"emulator":{"name":"firestore"},"message":"\n   export FIRESTORE_EMULATOR_HOST="}}
[debug] [2021-05-04T21:49:43.990Z] localhost {"metadata":{"emulator":{"name":"firestore"},"message":"localhost"}}
[debug] [2021-05-04T21:49:43.991Z] :8080

Dev App Server is now running.

 {"metadata":{"emulator":{"name":"firestore"},"message":":8080\n\nDev App Server is now running.\n\n"}}
[debug] [2021-05-04T21:49:44.038Z] > refreshing access token with scopes: []
[debug] [2021-05-04T21:49:44.038Z] >>> HTTP REQUEST POST https://www.googleapis.com/oauth2/v3/token  
 <request body omitted>
[debug] [2021-05-04T21:49:44.113Z] <<< HTTP RESPONSE 200 {"cache-control":"no-cache, no-store, max-age=0, must-revalidate","pragma":"no-cache","expires":"Mon, 01 Jan 1990 00:00:00 GMT","date":"Tue, 04 May 2021 21:49:44 GMT","content-type":"application/json; charset=utf-8","vary":"X-Origin, Referer, Origin,Accept-Encoding","server":"scaffolding on HTTPServer2","x-xss-protection":"0","x-frame-options":"SAMEORIGIN","x-content-type-options":"nosniff","alt-svc":"h3-29=\":443\"; ma=2592000,h3-T051=\":443\"; ma=2592000,h3-Q050=\":443\"; ma=2592000,h3-Q046=\":443\"; ma=2592000,h3-Q043=\":443\"; ma=2592000,quic=\":443\"; ma=2592000; v=\"46,43\"","accept-ranges":"none","transfer-encoding":"chunked"}
[debug] [2021-05-04T21:49:44.128Z] >>> [apiv2][query] GET https://firebase.googleapis.com/v1beta1/projects/next-events-309cd [none]
[debug] [2021-05-04T21:49:44.366Z] <<< [apiv2][status] GET https://firebase.googleapis.com/v1beta1/projects/next-events-309cd 200
[debug] [2021-05-04T21:49:44.367Z] <<< [apiv2][body] GET https://firebase.googleapis.com/v1beta1/projects/next-events-309cd {"projectId":"next-events-309cd","projectNumber":"633929560716","displayName":"next-events","name":"projects/next-events-309cd","resources":{"hostingSite":"next-events-309cd","realtimeDatabaseInstance":"next-events-309cd-default-rtdb","storageBucket":"next-events-309cd.appspot.com","locationId":"us-central"},"state":"ACTIVE"}
[debug] [2021-05-04T21:49:44.367Z] database rules config:  []
[warn] ⚠  database: Did not find a Realtime Database rules file specified in a firebase.json config file. The emulator will default to allowing all reads and writes. Learn more about this option: https://firebase.google.com/docs/emulator-suite/install_and_configure#security_rules_configuration. {"metadata":{"emulator":{"name":"database"},"message":"Did not find a Realtime Database rules file specified in a firebase.json config file. The emulator will default to allowing all reads and writes. Learn more about this option: https://firebase.google.com/docs/emulator-suite/install_and_configure#security_rules_configuration."}}
[debug] [2021-05-04T21:49:44.369Z] Ignoring unsupported arg: projectId {"metadata":{"emulator":{"name":"database"},"message":"Ignoring unsupported arg: projectId"}}
[debug] [2021-05-04T21:49:44.369Z] Ignoring unsupported arg: auto_download {"metadata":{"emulator":{"name":"database"},"message":"Ignoring unsupported arg: auto_download"}}
[debug] [2021-05-04T21:49:44.369Z] Ignoring unsupported arg: rules {"metadata":{"emulator":{"name":"database"},"message":"Ignoring unsupported arg: rules"}}
[debug] [2021-05-04T21:49:44.369Z] Starting Database Emulator with command {"binary":"java","args":["-Duser.language=en","-jar","/Users/kerteszkaroly/.cache/firebase/emulators/firebase-database-emulator-v4.7.2.jar","--host","localhost","--port",9000],"optionalArgs":["port","host","functions_emulator_port","functions_emulator_host"],"joinArgs":false} {"metadata":{"emulator":{"name":"database"},"message":"Starting Database Emulator with command {\"binary\":\"java\",\"args\":[\"-Duser.language=en\",\"-jar\",\"/Users/kerteszkaroly/.cache/firebase/emulators/firebase-database-emulator-v4.7.2.jar\",\"--host\",\"localhost\",\"--port\",9000],\"optionalArgs\":[\"port\",\"host\",\"functions_emulator_port\",\"functions_emulator_host\"],\"joinArgs\":false}"}}
[info] i  database: Database Emulator logging to database-debug.log {"metadata":{"emulator":{"name":"database"},"message":"Database Emulator logging to \u001b[1mdatabase-debug.log\u001b[22m"}}
[debug] [2021-05-04T21:49:50.027Z] 23:49:49.941 [NamespaceSystem-akka.actor.default-dispatcher-4] INFO akka.event.slf4j.Slf4jLogger - Slf4jLogger started
 {"metadata":{"emulator":{"name":"database"},"message":"23:49:49.941 [NamespaceSystem-akka.actor.default-dispatcher-4] INFO akka.event.slf4j.Slf4jLogger - Slf4jLogger started\n"}}
[debug] [2021-05-04T21:49:50.687Z] 23:49:50.686 [main] INFO com.firebase.server.forge.App$ - Listening at localhost:9000
 {"metadata":{"emulator":{"name":"database"},"message":"23:49:50.686 [main] INFO com.firebase.server.forge.App$ - Listening at localhost:9000\n"}}
[warn] ⚠  emulators: The Emulator UI requires a project ID to start. Configure your default project with 'firebase use' or pass the --project flag. {"metadata":{"emulator":{"name":"hub"},"message":"The Emulator UI requires a project ID to start. Configure your default project with 'firebase use' or pass the --project flag."}}
[info] 
┌─────────────────────────────────────────────────────────────┐
│ ✔  All emulators ready! It is now safe to connect your app. │
└─────────────────────────────────────────────────────────────┘

┌────────────────┬──────────────────────────────────┐
│ Emulator       │ Host:Port                        │
├────────────────┼──────────────────────────────────┤
│ Authentication │ localhost:9099                   │
├────────────────┼──────────────────────────────────┤
│ Functions      │ Failed to initialize (see above) │
├────────────────┼──────────────────────────────────┤
│ Firestore      │ localhost:8080                   │
├────────────────┼──────────────────────────────────┤
│ Database       │ localhost:9000                   │
└────────────────┴──────────────────────────────────┘
  Emulator Hub running at localhost:4400
  Other reserved ports: None

Issues? Report them at https://github.com/firebase/firebase-tools/issues and attach the *-debug.log files.
 
